[2019-11-14 18:02:10.202] [sharedprocess] [info] main {"machineId":"9ed88ad89ca3625950d7f5d691da7b9fac50c3a089361738b03a2b95818df2bf","windowId":2}
[2019-11-14 18:02:50.178] [sharedprocess] [info] Starting to clean up unused language packs.
[2019-11-14 18:03:30.222] [sharedprocess] [info] Installing extension: dracula-theme.theme-dracula
[2019-11-14 18:03:30.704] [sharedprocess] [info] Downloaded extension: dracula-theme.theme-dracula /tmp/2732cbc9-40da-42f5-bf52-a6f472c4bf1e
[2019-11-14 18:03:30.773] [sharedprocess] [info] Extracted extension to /home/jocimar/.vscode/extensions/.dracula-theme.theme-dracula-2.18.1: dracula-theme.theme-dracula
[2019-11-14 18:03:30.773] [sharedprocess] [info] Renamed to /home/jocimar/.vscode/extensions/dracula-theme.theme-dracula-2.18.1
[2019-11-14 18:03:30.773] [sharedprocess] [info] Installation completed. dracula-theme.theme-dracula
[2019-11-14 18:03:30.814] [sharedprocess] [info] Extensions installed successfully: dracula-theme.theme-dracula
[2019-11-14 18:04:02.899] [sharedprocess] [info] Installing extension: pkief.material-icon-theme
[2019-11-14 18:04:04.053] [sharedprocess] [info] Downloaded extension: pkief.material-icon-theme /tmp/e1e2cec0-f5da-4687-a6fb-728b8c63f5bf
[2019-11-14 18:04:04.706] [sharedprocess] [info] Extracted extension to /home/jocimar/.vscode/extensions/.pkief.material-icon-theme-3.9.1: pkief.material-icon-theme
[2019-11-14 18:04:04.706] [sharedprocess] [info] Renamed to /home/jocimar/.vscode/extensions/pkief.material-icon-theme-3.9.1
[2019-11-14 18:04:04.707] [sharedprocess] [info] Installation completed. pkief.material-icon-theme
[2019-11-14 18:04:04.759] [sharedprocess] [info] Extensions installed successfully: pkief.material-icon-theme
[2019-11-14 18:05:48.451] [sharedprocess] [info] Installing extension: rocketseat.rocketseatreactnative
[2019-11-14 18:05:50.556] [sharedprocess] [info] Downloaded extension: rocketseat.rocketseatreactnative /tmp/a46ad7f4-f945-4c99-8012-72e3fb01c9e3
[2019-11-14 18:05:50.641] [sharedprocess] [info] Extracted extension to /home/jocimar/.vscode/extensions/.rocketseat.rocketseatreactnative-2.2.0: rocketseat.rocketseatreactnative
[2019-11-14 18:05:50.641] [sharedprocess] [info] Renamed to /home/jocimar/.vscode/extensions/rocketseat.rocketseatreactnative-2.2.0
[2019-11-14 18:05:50.642] [sharedprocess] [info] Installation completed. rocketseat.rocketseatreactnative
[2019-11-14 18:05:50.690] [sharedprocess] [info] Extensions installed successfully: rocketseat.rocketseatreactnative
[2019-11-14 18:06:17.286] [sharedprocess] [info] Installing extension: rocketseat.rocketseatreactjs
[2019-11-14 18:06:18.030] [sharedprocess] [info] Downloaded extension: rocketseat.rocketseatreactjs /tmp/357f2996-f3b0-4c92-b96b-c6a9426f61db
[2019-11-14 18:06:18.106] [sharedprocess] [info] Extracted extension to /home/jocimar/.vscode/extensions/.rocketseat.rocketseatreactjs-2.2.0: rocketseat.rocketseatreactjs
[2019-11-14 18:06:18.106] [sharedprocess] [info] Renamed to /home/jocimar/.vscode/extensions/rocketseat.rocketseatreactjs-2.2.0
[2019-11-14 18:06:18.107] [sharedprocess] [info] Installation completed. rocketseat.rocketseatreactjs
[2019-11-14 18:06:18.134] [sharedprocess] [info] Extensions installed successfully: rocketseat.rocketseatreactjs
