[2019-11-29 14:19:11.470] [exthost] [info] extension host started
[2019-11-29 14:19:11.512] [exthost] [info] ExtensionService#_doActivateExtension vscode.emmet {"startup":false,"extensionId":{"value":"vscode.emmet","_lower":"vscode.emmet"},"activationEvent":"onLanguage:html"}
[2019-11-29 14:19:11.512] [exthost] [info] ExtensionService#loadCommonJSModule file:///usr/share/code/resources/app/extensions/emmet/dist/extension
[2019-11-29 14:19:11.551] [exthost] [info] ExtensionService#_doActivateExtension vscode.html-language-features {"startup":false,"extensionId":{"value":"vscode.html-language-features","_lower":"vscode.html-language-features"},"activationEvent":"onLanguage:html"}
[2019-11-29 14:19:11.551] [exthost] [info] ExtensionService#loadCommonJSModule file:///usr/share/code/resources/app/extensions/html-language-features/client/dist/htmlMain
[2019-11-29 14:19:11.610] [exthost] [info] ExtensionService#_doActivateExtension dbaeumer.jshint {"startup":false,"extensionId":{"value":"dbaeumer.jshint","_lower":"dbaeumer.jshint"},"activationEvent":"onLanguage:html"}
[2019-11-29 14:19:11.610] [exthost] [info] ExtensionService#loadCommonJSModule file:///home/jocimar/.vscode/extensions/dbaeumer.jshint-0.10.21/jshint/out/extension
[2019-11-29 14:19:12.025] [exthost] [info] ExtensionService#_doActivateExtension vscode.configuration-editing {"startup":false,"extensionId":{"value":"vscode.configuration-editing","_lower":"vscode.configuration-editing"},"activationEvent":"onLanguage:jsonc"}
[2019-11-29 14:19:12.025] [exthost] [info] ExtensionService#loadCommonJSModule file:///usr/share/code/resources/app/extensions/configuration-editing/dist/extension
[2019-11-29 14:19:12.029] [exthost] [info] ExtensionService#_doActivateExtension vscode.json-language-features {"startup":false,"extensionId":{"value":"vscode.json-language-features","_lower":"vscode.json-language-features"},"activationEvent":"onLanguage:jsonc"}
[2019-11-29 14:19:12.029] [exthost] [info] ExtensionService#loadCommonJSModule file:///usr/share/code/resources/app/extensions/json-language-features/client/dist/jsonMain
[2019-11-29 14:19:12.074] [exthost] [info] ExtensionService#_doActivateExtension vscode.typescript-language-features {"startup":false,"extensionId":{"value":"vscode.typescript-language-features","_lower":"vscode.typescript-language-features"},"activationEvent":"onLanguage:jsonc"}
[2019-11-29 14:19:12.074] [exthost] [info] ExtensionService#loadCommonJSModule file:///usr/share/code/resources/app/extensions/typescript-language-features/dist/extension
[2019-11-29 14:19:12.140] [exthost] [info] ExtensionService#_doActivateExtension vscode.extension-editing {"startup":false,"extensionId":{"value":"vscode.extension-editing","_lower":"vscode.extension-editing"},"activationEvent":"onLanguage:json"}
[2019-11-29 14:19:12.140] [exthost] [info] ExtensionService#loadCommonJSModule file:///usr/share/code/resources/app/extensions/extension-editing/dist/extension
[2019-11-29 14:19:12.158] [exthost] [info] ExtensionService#_doActivateExtension vscode.npm {"startup":false,"extensionId":{"value":"vscode.npm","_lower":"vscode.npm"},"activationEvent":"onLanguage:json"}
[2019-11-29 14:19:12.158] [exthost] [info] ExtensionService#loadCommonJSModule file:///usr/share/code/resources/app/extensions/npm/dist/main
[2019-11-29 14:19:12.172] [exthost] [info] ExtensionService#_doActivateExtension vscode.debug-auto-launch {"startup":true,"extensionId":{"value":"vscode.debug-auto-launch","_lower":"vscode.debug-auto-launch"},"activationEvent":"*"}
[2019-11-29 14:19:12.174] [exthost] [info] ExtensionService#loadCommonJSModule file:///usr/share/code/resources/app/extensions/debug-auto-launch/dist/extension
[2019-11-29 14:19:12.177] [exthost] [info] ExtensionService#_doActivateExtension vscode.git {"startup":true,"extensionId":{"value":"vscode.git","_lower":"vscode.git"},"activationEvent":"*"}
[2019-11-29 14:19:12.177] [exthost] [info] ExtensionService#loadCommonJSModule file:///usr/share/code/resources/app/extensions/git/dist/main
[2019-11-29 14:19:12.224] [exthost] [info] ExtensionService#_doActivateExtension vscode.merge-conflict {"startup":true,"extensionId":{"value":"vscode.merge-conflict","_lower":"vscode.merge-conflict"},"activationEvent":"*"}
[2019-11-29 14:19:12.224] [exthost] [info] ExtensionService#loadCommonJSModule file:///usr/share/code/resources/app/extensions/merge-conflict/dist/extension
[2019-11-29 14:19:12.227] [exthost] [info] ExtensionService#_doActivateExtension dbaeumer.vscode-eslint {"startup":true,"extensionId":{"value":"dbaeumer.vscode-eslint","_lower":"dbaeumer.vscode-eslint"},"activationEvent":"*"}
[2019-11-29 14:19:12.227] [exthost] [info] ExtensionService#loadCommonJSModule file:///home/jocimar/.vscode/extensions/dbaeumer.vscode-eslint-1.9.1/client/out/extension
[2019-11-29 14:19:12.263] [exthost] [info] ExtensionService#_doActivateExtension eamodio.gitlens {"startup":true,"extensionId":{"value":"eamodio.gitlens","_lower":"eamodio.gitlens"},"activationEvent":"*"}
[2019-11-29 14:19:12.263] [exthost] [info] ExtensionService#loadCommonJSModule file:///home/jocimar/.vscode/extensions/eamodio.gitlens-10.2.0/dist/extension
[2019-11-29 14:19:12.324] [exthost] [info] ExtensionService#_doActivateExtension eppz.eppz-code {"startup":true,"extensionId":{"value":"eppz.eppz-code","_lower":"eppz.eppz-code"},"activationEvent":"*"}
[2019-11-29 14:19:12.325] [exthost] [info] ExtensionService#loadCommonJSModule file:///home/jocimar/.vscode/extensions/eppz.eppz-code-1.2.41/out/src/main
[2019-11-29 14:19:12.595] [exthost] [info] ExtensionService#_doActivateExtension HookyQR.beautify {"startup":true,"extensionId":{"value":"HookyQR.beautify","_lower":"hookyqr.beautify"},"activationEvent":"*"}
[2019-11-29 14:19:12.595] [exthost] [info] ExtensionService#loadCommonJSModule file:///home/jocimar/.vscode/extensions/hookyqr.beautify-1.5.0/extension
[2019-11-29 14:19:12.709] [exthost] [info] ExtensionService#_doActivateExtension PKief.material-icon-theme {"startup":true,"extensionId":{"value":"PKief.material-icon-theme","_lower":"pkief.material-icon-theme"},"activationEvent":"*"}
[2019-11-29 14:19:12.710] [exthost] [info] ExtensionService#loadCommonJSModule file:///home/jocimar/.vscode/extensions/pkief.material-icon-theme-3.9.2/dist/extension
[2019-11-29 14:19:12.765] [exthost] [info] ExtensionService#_doActivateExtension Shan.code-settings-sync {"startup":true,"extensionId":{"value":"Shan.code-settings-sync","_lower":"shan.code-settings-sync"},"activationEvent":"*"}
[2019-11-29 14:19:12.765] [exthost] [info] ExtensionService#loadCommonJSModule file:///home/jocimar/.vscode/extensions/shan.code-settings-sync-3.4.3/out/extension.js
[2019-11-29 14:19:12.950] [exthost] [info] ExtensionService#_doActivateExtension ms-vscode.csharp {"startup":true,"extensionId":{"value":"Unity.unity-debug","_lower":"unity.unity-debug"},"activationEvent":"*"}
[2019-11-29 14:19:12.950] [exthost] [info] ExtensionService#loadCommonJSModule file:///home/jocimar/.vscode/extensions/ms-vscode.csharp-1.21.8/dist/extension
[2019-11-29 14:19:13.476] [exthost] [info] ExtensionService#_doActivateExtension Unity.unity-debug {"startup":true,"extensionId":{"value":"Unity.unity-debug","_lower":"unity.unity-debug"},"activationEvent":"*"}
[2019-11-29 14:19:13.476] [exthost] [info] ExtensionService#loadCommonJSModule file:///home/jocimar/.vscode/extensions/unity.unity-debug-2.7.2/out/attach.js
[2019-11-29 14:19:13.703] [exthost] [info] eager extensions activated
