[2019-11-22 12:11:11.639] [exthost] [info] extension host started
[2019-11-22 12:11:11.639] [exthost] [info] ExtensionService#_doActivateExtension vscode.debug-auto-launch {"startup":true,"extensionId":{"value":"vscode.debug-auto-launch","_lower":"vscode.debug-auto-launch"},"activationEvent":"*"}
[2019-11-22 12:11:11.639] [exthost] [info] ExtensionService#loadCommonJSModule file:///usr/share/code/resources/app/extensions/debug-auto-launch/dist/extension
[2019-11-22 12:11:11.639] [exthost] [info] ExtensionService#_doActivateExtension vscode.emmet {"startup":true,"extensionId":{"value":"vscode.emmet","_lower":"vscode.emmet"},"activationEvent":"*"}
[2019-11-22 12:11:11.639] [exthost] [info] ExtensionService#loadCommonJSModule file:///usr/share/code/resources/app/extensions/emmet/dist/extension
[2019-11-22 12:11:11.639] [exthost] [info] ExtensionService#_doActivateExtension vscode.git {"startup":true,"extensionId":{"value":"vscode.git","_lower":"vscode.git"},"activationEvent":"*"}
[2019-11-22 12:11:11.639] [exthost] [info] ExtensionService#loadCommonJSModule file:///usr/share/code/resources/app/extensions/git/dist/main
[2019-11-22 12:11:11.639] [exthost] [info] ExtensionService#_doActivateExtension vscode.merge-conflict {"startup":true,"extensionId":{"value":"vscode.merge-conflict","_lower":"vscode.merge-conflict"},"activationEvent":"*"}
[2019-11-22 12:11:11.639] [exthost] [info] ExtensionService#loadCommonJSModule file:///usr/share/code/resources/app/extensions/merge-conflict/dist/extension
[2019-11-22 12:11:11.639] [exthost] [info] ExtensionService#_doActivateExtension dbaeumer.vscode-eslint {"startup":true,"extensionId":{"value":"dbaeumer.vscode-eslint","_lower":"dbaeumer.vscode-eslint"},"activationEvent":"*"}
[2019-11-22 12:11:11.639] [exthost] [info] ExtensionService#loadCommonJSModule file:///home/jocimar/.vscode/extensions/dbaeumer.vscode-eslint-1.9.1/client/out/extension
[2019-11-22 12:11:11.639] [exthost] [info] ExtensionService#_doActivateExtension eamodio.gitlens {"startup":true,"extensionId":{"value":"eamodio.gitlens","_lower":"eamodio.gitlens"},"activationEvent":"*"}
[2019-11-22 12:11:11.639] [exthost] [info] ExtensionService#loadCommonJSModule file:///home/jocimar/.vscode/extensions/eamodio.gitlens-10.2.0/dist/extension
[2019-11-22 12:11:11.639] [exthost] [info] ExtensionService#_doActivateExtension eppz.eppz-code {"startup":true,"extensionId":{"value":"eppz.eppz-code","_lower":"eppz.eppz-code"},"activationEvent":"*"}
[2019-11-22 12:11:11.639] [exthost] [info] ExtensionService#loadCommonJSModule file:///home/jocimar/.vscode/extensions/eppz.eppz-code-1.2.41/out/src/main
[2019-11-22 12:11:11.639] [exthost] [info] ExtensionService#_doActivateExtension HookyQR.beautify {"startup":true,"extensionId":{"value":"HookyQR.beautify","_lower":"hookyqr.beautify"},"activationEvent":"*"}
[2019-11-22 12:11:11.639] [exthost] [info] ExtensionService#loadCommonJSModule file:///home/jocimar/.vscode/extensions/hookyqr.beautify-1.5.0/extension
[2019-11-22 12:11:11.639] [exthost] [info] ExtensionService#_doActivateExtension PKief.material-icon-theme {"startup":true,"extensionId":{"value":"PKief.material-icon-theme","_lower":"pkief.material-icon-theme"},"activationEvent":"*"}
[2019-11-22 12:11:11.639] [exthost] [info] ExtensionService#loadCommonJSModule file:///home/jocimar/.vscode/extensions/pkief.material-icon-theme-3.9.1/dist/extension
[2019-11-22 12:11:11.639] [exthost] [info] ExtensionService#_doActivateExtension Shan.code-settings-sync {"startup":true,"extensionId":{"value":"Shan.code-settings-sync","_lower":"shan.code-settings-sync"},"activationEvent":"*"}
[2019-11-22 12:11:11.639] [exthost] [info] ExtensionService#loadCommonJSModule file:///home/jocimar/.vscode/extensions/shan.code-settings-sync-3.4.3/out/extension.js
[2019-11-22 12:11:11.639] [exthost] [info] ExtensionService#_doActivateExtension ms-vscode.csharp {"startup":true,"extensionId":{"value":"Unity.unity-debug","_lower":"unity.unity-debug"},"activationEvent":"*"}
[2019-11-22 12:11:11.639] [exthost] [info] ExtensionService#loadCommonJSModule file:///home/jocimar/.vscode/extensions/ms-vscode.csharp-1.21.7/dist/extension
[2019-11-22 12:11:11.639] [exthost] [info] ExtensionService#_doActivateExtension vscode.npm {"startup":true,"extensionId":{"value":"vscode.npm","_lower":"vscode.npm"},"activationEvent":"workspaceContains:package.json"}
[2019-11-22 12:11:11.639] [exthost] [info] ExtensionService#loadCommonJSModule file:///usr/share/code/resources/app/extensions/npm/dist/main
[2019-11-22 12:11:11.969] [exthost] [info] ExtensionService#_doActivateExtension Unity.unity-debug {"startup":true,"extensionId":{"value":"Unity.unity-debug","_lower":"unity.unity-debug"},"activationEvent":"*"}
[2019-11-22 12:11:11.969] [exthost] [info] ExtensionService#loadCommonJSModule file:///home/jocimar/.vscode/extensions/unity.unity-debug-2.7.2/out/attach.js
[2019-11-22 12:11:12.042] [exthost] [info] eager extensions activated
[2019-11-22 12:11:27.500] [exthost] [info] ExtensionService#_doActivateExtension vscode.grunt {"startup":false,"extensionId":{"value":"vscode.grunt","_lower":"vscode.grunt"},"activationEvent":"onCommand:workbench.action.tasks.runTask"}
[2019-11-22 12:11:27.501] [exthost] [info] ExtensionService#loadCommonJSModule file:///usr/share/code/resources/app/extensions/grunt/dist/main
[2019-11-22 12:11:27.553] [exthost] [info] ExtensionService#_doActivateExtension vscode.gulp {"startup":false,"extensionId":{"value":"vscode.gulp","_lower":"vscode.gulp"},"activationEvent":"onCommand:workbench.action.tasks.runTask"}
[2019-11-22 12:11:27.553] [exthost] [info] ExtensionService#loadCommonJSModule file:///usr/share/code/resources/app/extensions/gulp/dist/main
[2019-11-22 12:11:27.592] [exthost] [info] ExtensionService#_doActivateExtension vscode.jake {"startup":false,"extensionId":{"value":"vscode.jake","_lower":"vscode.jake"},"activationEvent":"onCommand:workbench.action.tasks.runTask"}
[2019-11-22 12:11:27.592] [exthost] [info] ExtensionService#loadCommonJSModule file:///usr/share/code/resources/app/extensions/jake/dist/main
[2019-11-22 12:11:27.705] [exthost] [info] ExtensionService#_doActivateExtension vscode.typescript-language-features {"startup":false,"extensionId":{"value":"vscode.typescript-language-features","_lower":"vscode.typescript-language-features"},"activationEvent":"onCommand:workbench.action.tasks.runTask"}
[2019-11-22 12:11:27.705] [exthost] [info] ExtensionService#loadCommonJSModule file:///usr/share/code/resources/app/extensions/typescript-language-features/dist/extension
[2019-11-22 12:12:16.171] [exthost] [info] ExtensionService#_doActivateExtension vscode.configuration-editing {"startup":false,"extensionId":{"value":"vscode.configuration-editing","_lower":"vscode.configuration-editing"},"activationEvent":"onLanguage:json"}
[2019-11-22 12:12:16.171] [exthost] [info] ExtensionService#loadCommonJSModule file:///usr/share/code/resources/app/extensions/configuration-editing/dist/extension
[2019-11-22 12:12:16.173] [exthost] [info] ExtensionService#_doActivateExtension vscode.extension-editing {"startup":false,"extensionId":{"value":"vscode.extension-editing","_lower":"vscode.extension-editing"},"activationEvent":"onLanguage:json"}
[2019-11-22 12:12:16.173] [exthost] [info] ExtensionService#loadCommonJSModule file:///usr/share/code/resources/app/extensions/extension-editing/dist/extension
[2019-11-22 12:12:16.182] [exthost] [info] ExtensionService#_doActivateExtension vscode.json-language-features {"startup":false,"extensionId":{"value":"vscode.json-language-features","_lower":"vscode.json-language-features"},"activationEvent":"onLanguage:json"}
[2019-11-22 12:12:16.182] [exthost] [info] ExtensionService#loadCommonJSModule file:///usr/share/code/resources/app/extensions/json-language-features/client/dist/jsonMain
[2019-11-22 12:16:30.391] [exthost] [info] ExtensionService#_doActivateExtension dbaeumer.jshint {"startup":false,"extensionId":{"value":"dbaeumer.jshint","_lower":"dbaeumer.jshint"},"activationEvent":"onLanguage:javascript"}
[2019-11-22 12:16:30.391] [exthost] [info] ExtensionService#loadCommonJSModule file:///home/jocimar/.vscode/extensions/dbaeumer.jshint-0.10.21/jshint/out/extension
[2019-11-22 12:23:18.332] [exthost] [error] [vscode.typescript-language-features] provider FAILED
[2019-11-22 12:23:18.334] [exthost] [error] Error: <semantic> TypeScript Server Error (3.6.3)
Cannot read property 'emitNode' of undefined
TypeError: Cannot read property 'emitNode' of undefined
    at Object.getCommentRange (tsserver.js:65828:29)
    at emitNodeList (tsserver.js:89502:51)
    at emitList (tsserver.js:89381:13)
    at Object.writeList (tsserver.js:86818:13)
    at tsserver.js:110952:29
    at Object.mapToDisplayParts (tsserver.js:100181:13)
    at itemInfoForParameters (tsserver.js:110949:41)
    at getSignatureHelpItem (tsserver.js:110915:95)
    at tsserver.js:110888:79
    at Array.map (<anonymous>)
    at createSignatureHelpItems (tsserver.js:110888:36)
    at tsserver.js:110480:23
    at Object.runWithCancellationToken (tsserver.js:32458:28)
    at Object.getSignatureHelpItems (tsserver.js:110478:32)
    at Object.getSignatureHelpItems (tsserver.js:125709:37)
    at IOSession.Session.getSignatureHelpItems (tsserver.js:134816:62)
    at Session.handlers.ts.createMapFromTemplate._a.<computed> (tsserver.js:133744:61)
    at tsserver.js:135256:88
    at IOSession.Session.executeWithRequestId (tsserver.js:135247:28)
    at IOSession.Session.executeCommand (tsserver.js:135256:33)
    at IOSession.Session.onMessage (tsserver.js:135279:35)
    at Interface.<anonymous> (tsserver.js:136594:27)
    at Interface.emit (events.js:200:13)
    at Interface._onLine (readline.js:314:10)
    at Interface._normalWrite (readline.js:459:12)
    at Socket.ondata (readline.js:170:10)
    at Socket.emit (events.js:200:13)
    at addChunk (_stream_readable.js:294:12)
    at readableAddChunk (_stream_readable.js:275:11)
    at Socket.Readable.push (_stream_readable.js:210:10)
    at Pipe.onStreamRead (internal/stream_base_commons.js:166:17)
	at Function.create (/usr/share/code/resources/app/extensions/typescript-language-features/dist/extension.js:53:63732)
	at h.dispatchResponse (/usr/share/code/resources/app/extensions/typescript-language-features/dist/extension.js:53:56670)
	at h.dispatchMessage (/usr/share/code/resources/app/extensions/typescript-language-features/dist/extension.js:53:55568)
	at /usr/share/code/resources/app/extensions/typescript-language-features/dist/extension.js:53:55044
	at l.fire (/usr/share/code/resources/app/out/vs/workbench/services/extensions/node/extensionHostProcess.js:47:207)
	at t.Reader.onLengthData (/usr/share/code/resources/app/extensions/typescript-language-features/dist/extension.js:53:61946)
	at Socket.<anonymous> (/usr/share/code/resources/app/extensions/typescript-language-features/dist/extension.js:53:61594)
	at Socket.emit (events.js:200:13)
	at addChunk (_stream_readable.js:294:12)
	at readableAddChunk (_stream_readable.js:275:11)
	at Socket.Readable.push (_stream_readable.js:210:10)
	at Pipe.onStreamRead (internal/stream_base_commons.js:166:17)
[2019-11-22 12:23:53.424] [exthost] [error] [vscode.typescript-language-features] provider FAILED
[2019-11-22 12:23:53.424] [exthost] [error] Error: <semantic> TypeScript Server Error (3.6.3)
Cannot read property 'emitNode' of undefined
TypeError: Cannot read property 'emitNode' of undefined
    at Object.getCommentRange (tsserver.js:65828:29)
    at emitNodeList (tsserver.js:89502:51)
    at emitList (tsserver.js:89381:13)
    at Object.writeList (tsserver.js:86818:13)
    at tsserver.js:110952:29
    at Object.mapToDisplayParts (tsserver.js:100181:13)
    at itemInfoForParameters (tsserver.js:110949:41)
    at getSignatureHelpItem (tsserver.js:110915:95)
    at tsserver.js:110888:79
    at Array.map (<anonymous>)
    at createSignatureHelpItems (tsserver.js:110888:36)
    at tsserver.js:110480:23
    at Object.runWithCancellationToken (tsserver.js:32458:28)
    at Object.getSignatureHelpItems (tsserver.js:110478:32)
    at Object.getSignatureHelpItems (tsserver.js:125709:37)
    at IOSession.Session.getSignatureHelpItems (tsserver.js:134816:62)
    at Session.handlers.ts.createMapFromTemplate._a.<computed> (tsserver.js:133744:61)
    at tsserver.js:135256:88
    at IOSession.Session.executeWithRequestId (tsserver.js:135247:28)
    at IOSession.Session.executeCommand (tsserver.js:135256:33)
    at IOSession.Session.onMessage (tsserver.js:135279:35)
    at Interface.<anonymous> (tsserver.js:136594:27)
    at Interface.emit (events.js:200:13)
    at Interface._onLine (readline.js:314:10)
    at Interface._normalWrite (readline.js:459:12)
    at Socket.ondata (readline.js:170:10)
    at Socket.emit (events.js:200:13)
    at addChunk (_stream_readable.js:294:12)
    at readableAddChunk (_stream_readable.js:275:11)
    at Socket.Readable.push (_stream_readable.js:210:10)
    at Pipe.onStreamRead (internal/stream_base_commons.js:166:17)
	at Function.create (/usr/share/code/resources/app/extensions/typescript-language-features/dist/extension.js:53:63732)
	at h.dispatchResponse (/usr/share/code/resources/app/extensions/typescript-language-features/dist/extension.js:53:56670)
	at h.dispatchMessage (/usr/share/code/resources/app/extensions/typescript-language-features/dist/extension.js:53:55568)
	at /usr/share/code/resources/app/extensions/typescript-language-features/dist/extension.js:53:55044
	at l.fire (/usr/share/code/resources/app/out/vs/workbench/services/extensions/node/extensionHostProcess.js:47:207)
	at t.Reader.onLengthData (/usr/share/code/resources/app/extensions/typescript-language-features/dist/extension.js:53:61946)
	at Socket.<anonymous> (/usr/share/code/resources/app/extensions/typescript-language-features/dist/extension.js:53:61594)
	at Socket.emit (events.js:200:13)
	at addChunk (_stream_readable.js:294:12)
	at readableAddChunk (_stream_readable.js:275:11)
	at Socket.Readable.push (_stream_readable.js:210:10)
	at Pipe.onStreamRead (internal/stream_base_commons.js:166:17)
[2019-11-22 12:24:05.160] [exthost] [error] [vscode.typescript-language-features] provider FAILED
[2019-11-22 12:24:05.160] [exthost] [error] Error: <semantic> TypeScript Server Error (3.6.3)
Cannot read property 'emitNode' of undefined
TypeError: Cannot read property 'emitNode' of undefined
    at Object.getCommentRange (tsserver.js:65828:29)
    at emitNodeList (tsserver.js:89502:51)
    at emitList (tsserver.js:89381:13)
    at Object.writeList (tsserver.js:86818:13)
    at tsserver.js:110952:29
    at Object.mapToDisplayParts (tsserver.js:100181:13)
    at itemInfoForParameters (tsserver.js:110949:41)
    at getSignatureHelpItem (tsserver.js:110915:95)
    at tsserver.js:110888:79
    at Array.map (<anonymous>)
    at createSignatureHelpItems (tsserver.js:110888:36)
    at tsserver.js:110480:23
    at Object.runWithCancellationToken (tsserver.js:32458:28)
    at Object.getSignatureHelpItems (tsserver.js:110478:32)
    at Object.getSignatureHelpItems (tsserver.js:125709:37)
    at IOSession.Session.getSignatureHelpItems (tsserver.js:134816:62)
    at Session.handlers.ts.createMapFromTemplate._a.<computed> (tsserver.js:133744:61)
    at tsserver.js:135256:88
    at IOSession.Session.executeWithRequestId (tsserver.js:135247:28)
    at IOSession.Session.executeCommand (tsserver.js:135256:33)
    at IOSession.Session.onMessage (tsserver.js:135279:35)
    at Interface.<anonymous> (tsserver.js:136594:27)
    at Interface.emit (events.js:200:13)
    at Interface._onLine (readline.js:314:10)
    at Interface._normalWrite (readline.js:459:12)
    at Socket.ondata (readline.js:170:10)
    at Socket.emit (events.js:200:13)
    at addChunk (_stream_readable.js:294:12)
    at readableAddChunk (_stream_readable.js:275:11)
    at Socket.Readable.push (_stream_readable.js:210:10)
    at Pipe.onStreamRead (internal/stream_base_commons.js:166:17)
	at Function.create (/usr/share/code/resources/app/extensions/typescript-language-features/dist/extension.js:53:63732)
	at h.dispatchResponse (/usr/share/code/resources/app/extensions/typescript-language-features/dist/extension.js:53:56670)
	at h.dispatchMessage (/usr/share/code/resources/app/extensions/typescript-language-features/dist/extension.js:53:55568)
	at /usr/share/code/resources/app/extensions/typescript-language-features/dist/extension.js:53:55044
	at l.fire (/usr/share/code/resources/app/out/vs/workbench/services/extensions/node/extensionHostProcess.js:47:207)
	at t.Reader.onLengthData (/usr/share/code/resources/app/extensions/typescript-language-features/dist/extension.js:53:61946)
	at Socket.<anonymous> (/usr/share/code/resources/app/extensions/typescript-language-features/dist/extension.js:53:61594)
	at Socket.emit (events.js:200:13)
	at addChunk (_stream_readable.js:294:12)
	at readableAddChunk (_stream_readable.js:275:11)
	at Socket.Readable.push (_stream_readable.js:210:10)
	at Pipe.onStreamRead (internal/stream_base_commons.js:166:17)
[2019-11-22 12:24:10.151] [exthost] [error] [vscode.typescript-language-features] provider FAILED
[2019-11-22 12:24:10.151] [exthost] [error] Error: <semantic> TypeScript Server Error (3.6.3)
Cannot read property 'emitNode' of undefined
TypeError: Cannot read property 'emitNode' of undefined
    at Object.getCommentRange (tsserver.js:65828:29)
    at emitNodeList (tsserver.js:89502:51)
    at emitList (tsserver.js:89381:13)
    at Object.writeList (tsserver.js:86818:13)
    at tsserver.js:110952:29
    at Object.mapToDisplayParts (tsserver.js:100181:13)
    at itemInfoForParameters (tsserver.js:110949:41)
    at getSignatureHelpItem (tsserver.js:110915:95)
    at tsserver.js:110888:79
    at Array.map (<anonymous>)
    at createSignatureHelpItems (tsserver.js:110888:36)
    at tsserver.js:110480:23
    at Object.runWithCancellationToken (tsserver.js:32458:28)
    at Object.getSignatureHelpItems (tsserver.js:110478:32)
    at Object.getSignatureHelpItems (tsserver.js:125709:37)
    at IOSession.Session.getSignatureHelpItems (tsserver.js:134816:62)
    at Session.handlers.ts.createMapFromTemplate._a.<computed> (tsserver.js:133744:61)
    at tsserver.js:135256:88
    at IOSession.Session.executeWithRequestId (tsserver.js:135247:28)
    at IOSession.Session.executeCommand (tsserver.js:135256:33)
    at IOSession.Session.onMessage (tsserver.js:135279:35)
    at Interface.<anonymous> (tsserver.js:136594:27)
    at Interface.emit (events.js:200:13)
    at Interface._onLine (readline.js:314:10)
    at Interface._normalWrite (readline.js:459:12)
    at Socket.ondata (readline.js:170:10)
    at Socket.emit (events.js:200:13)
    at addChunk (_stream_readable.js:294:12)
    at readableAddChunk (_stream_readable.js:275:11)
    at Socket.Readable.push (_stream_readable.js:210:10)
    at Pipe.onStreamRead (internal/stream_base_commons.js:166:17)
	at Function.create (/usr/share/code/resources/app/extensions/typescript-language-features/dist/extension.js:53:63732)
	at h.dispatchResponse (/usr/share/code/resources/app/extensions/typescript-language-features/dist/extension.js:53:56670)
	at h.dispatchMessage (/usr/share/code/resources/app/extensions/typescript-language-features/dist/extension.js:53:55568)
	at /usr/share/code/resources/app/extensions/typescript-language-features/dist/extension.js:53:55044
	at l.fire (/usr/share/code/resources/app/out/vs/workbench/services/extensions/node/extensionHostProcess.js:47:207)
	at t.Reader.onLengthData (/usr/share/code/resources/app/extensions/typescript-language-features/dist/extension.js:53:61946)
	at Socket.<anonymous> (/usr/share/code/resources/app/extensions/typescript-language-features/dist/extension.js:53:61594)
	at Socket.emit (events.js:200:13)
	at addChunk (_stream_readable.js:294:12)
	at readableAddChunk (_stream_readable.js:275:11)
	at Socket.Readable.push (_stream_readable.js:210:10)
	at Pipe.onStreamRead (internal/stream_base_commons.js:166:17)
