[2019-11-18 17:38:44.006] [exthost] [info] extension host started
[2019-11-18 17:38:44.024] [exthost] [info] ExtensionService#_doActivateExtension vscode.debug-auto-launch {"startup":true,"extensionId":{"value":"vscode.debug-auto-launch","_lower":"vscode.debug-auto-launch"},"activationEvent":"*"}
[2019-11-18 17:38:44.024] [exthost] [info] ExtensionService#loadCommonJSModule file:///usr/share/code/resources/app/extensions/debug-auto-launch/dist/extension
[2019-11-18 17:38:44.131] [exthost] [info] ExtensionService#_doActivateExtension vscode.emmet {"startup":true,"extensionId":{"value":"vscode.emmet","_lower":"vscode.emmet"},"activationEvent":"*"}
[2019-11-18 17:38:44.132] [exthost] [info] ExtensionService#loadCommonJSModule file:///usr/share/code/resources/app/extensions/emmet/dist/extension
[2019-11-18 17:38:44.193] [exthost] [info] ExtensionService#_doActivateExtension vscode.git {"startup":true,"extensionId":{"value":"vscode.git","_lower":"vscode.git"},"activationEvent":"*"}
[2019-11-18 17:38:44.193] [exthost] [info] ExtensionService#loadCommonJSModule file:///usr/share/code/resources/app/extensions/git/dist/main
[2019-11-18 17:38:44.329] [exthost] [info] ExtensionService#_doActivateExtension vscode.merge-conflict {"startup":true,"extensionId":{"value":"vscode.merge-conflict","_lower":"vscode.merge-conflict"},"activationEvent":"*"}
[2019-11-18 17:38:44.329] [exthost] [info] ExtensionService#loadCommonJSModule file:///usr/share/code/resources/app/extensions/merge-conflict/dist/extension
[2019-11-18 17:38:44.333] [exthost] [info] ExtensionService#_doActivateExtension eamodio.gitlens {"startup":true,"extensionId":{"value":"eamodio.gitlens","_lower":"eamodio.gitlens"},"activationEvent":"*"}
[2019-11-18 17:38:44.334] [exthost] [info] ExtensionService#loadCommonJSModule file:///home/jocimar/.vscode/extensions/eamodio.gitlens-10.2.0/dist/extension
[2019-11-18 17:38:44.428] [exthost] [info] ExtensionService#_doActivateExtension eppz.eppz-code {"startup":true,"extensionId":{"value":"eppz.eppz-code","_lower":"eppz.eppz-code"},"activationEvent":"*"}
[2019-11-18 17:38:44.428] [exthost] [info] ExtensionService#loadCommonJSModule file:///home/jocimar/.vscode/extensions/eppz.eppz-code-1.2.41/out/src/main
[2019-11-18 17:38:45.174] [exthost] [info] ExtensionService#_doActivateExtension PKief.material-icon-theme {"startup":true,"extensionId":{"value":"PKief.material-icon-theme","_lower":"pkief.material-icon-theme"},"activationEvent":"*"}
[2019-11-18 17:38:45.175] [exthost] [info] ExtensionService#loadCommonJSModule file:///home/jocimar/.vscode/extensions/pkief.material-icon-theme-3.9.1/dist/extension
[2019-11-18 17:38:45.220] [exthost] [info] ExtensionService#_doActivateExtension ms-vscode.csharp {"startup":true,"extensionId":{"value":"Unity.unity-debug","_lower":"unity.unity-debug"},"activationEvent":"*"}
[2019-11-18 17:38:45.220] [exthost] [info] ExtensionService#loadCommonJSModule file:///home/jocimar/.vscode/extensions/ms-vscode.csharp-1.21.7/dist/extension
[2019-11-18 17:38:45.349] [exthost] [info] eager extensions activated
[2019-11-18 17:38:45.530] [exthost] [info] ExtensionService#_doActivateExtension Unity.unity-debug {"startup":true,"extensionId":{"value":"Unity.unity-debug","_lower":"unity.unity-debug"},"activationEvent":"*"}
[2019-11-18 17:38:45.530] [exthost] [info] ExtensionService#loadCommonJSModule file:///home/jocimar/.vscode/extensions/unity.unity-debug-2.7.2/out/attach.js
[2019-11-18 17:40:10.949] [exthost] [info] ExtensionService#_doActivateExtension donjayamanne.githistory {"startup":false,"extensionId":{"value":"donjayamanne.githistory","_lower":"donjayamanne.githistory"},"activationEvent":"onCommand:git.viewHistory"}
[2019-11-18 17:40:10.949] [exthost] [info] ExtensionService#loadCommonJSModule file:///home/jocimar/.vscode/extensions/donjayamanne.githistory-0.4.6/out/src/extension
