[2019-11-18 15:37:50.703] [exthost] [info] extension host started
[2019-11-18 15:37:50.771] [exthost] [info] ExtensionService#_doActivateExtension vscode.configuration-editing {"startup":false,"extensionId":{"value":"vscode.configuration-editing","_lower":"vscode.configuration-editing"},"activationEvent":"onLanguage:jsonc"}
[2019-11-18 15:37:50.772] [exthost] [info] ExtensionService#loadCommonJSModule file:///usr/share/code/resources/app/extensions/configuration-editing/dist/extension
[2019-11-18 15:37:50.882] [exthost] [info] ExtensionService#_doActivateExtension vscode.json-language-features {"startup":false,"extensionId":{"value":"vscode.json-language-features","_lower":"vscode.json-language-features"},"activationEvent":"onLanguage:jsonc"}
[2019-11-18 15:37:50.882] [exthost] [info] ExtensionService#loadCommonJSModule file:///usr/share/code/resources/app/extensions/json-language-features/client/dist/jsonMain
[2019-11-18 15:37:50.978] [exthost] [info] ExtensionService#_doActivateExtension vscode.typescript-language-features {"startup":false,"extensionId":{"value":"vscode.typescript-language-features","_lower":"vscode.typescript-language-features"},"activationEvent":"onLanguage:jsonc"}
[2019-11-18 15:37:50.978] [exthost] [info] ExtensionService#loadCommonJSModule file:///usr/share/code/resources/app/extensions/typescript-language-features/dist/extension
[2019-11-18 15:37:51.069] [exthost] [info] ExtensionService#_doActivateExtension vscode.debug-auto-launch {"startup":true,"extensionId":{"value":"vscode.debug-auto-launch","_lower":"vscode.debug-auto-launch"},"activationEvent":"*"}
[2019-11-18 15:37:51.069] [exthost] [info] ExtensionService#loadCommonJSModule file:///usr/share/code/resources/app/extensions/debug-auto-launch/dist/extension
[2019-11-18 15:37:51.074] [exthost] [info] ExtensionService#_doActivateExtension vscode.emmet {"startup":true,"extensionId":{"value":"vscode.emmet","_lower":"vscode.emmet"},"activationEvent":"*"}
[2019-11-18 15:37:51.074] [exthost] [info] ExtensionService#loadCommonJSModule file:///usr/share/code/resources/app/extensions/emmet/dist/extension
[2019-11-18 15:37:51.126] [exthost] [info] ExtensionService#_doActivateExtension vscode.git {"startup":true,"extensionId":{"value":"vscode.git","_lower":"vscode.git"},"activationEvent":"*"}
[2019-11-18 15:37:51.126] [exthost] [info] ExtensionService#loadCommonJSModule file:///usr/share/code/resources/app/extensions/git/dist/main
[2019-11-18 15:37:51.290] [exthost] [info] ExtensionService#_doActivateExtension vscode.merge-conflict {"startup":true,"extensionId":{"value":"vscode.merge-conflict","_lower":"vscode.merge-conflict"},"activationEvent":"*"}
[2019-11-18 15:37:51.290] [exthost] [info] ExtensionService#loadCommonJSModule file:///usr/share/code/resources/app/extensions/merge-conflict/dist/extension
[2019-11-18 15:37:51.301] [exthost] [info] ExtensionService#_doActivateExtension PKief.material-icon-theme {"startup":true,"extensionId":{"value":"PKief.material-icon-theme","_lower":"pkief.material-icon-theme"},"activationEvent":"*"}
[2019-11-18 15:37:51.301] [exthost] [info] ExtensionService#loadCommonJSModule file:///home/jocimar/.vscode/extensions/pkief.material-icon-theme-3.9.1/dist/extension
[2019-11-18 15:37:51.347] [exthost] [info] eager extensions activated
[2019-11-18 17:17:07.879] [exthost] [info] ExtensionService#_doActivateExtension vscode.extension-editing {"startup":false,"extensionId":{"value":"vscode.extension-editing","_lower":"vscode.extension-editing"},"activationEvent":"onLanguage:json"}
[2019-11-18 17:17:07.879] [exthost] [info] ExtensionService#loadCommonJSModule file:///usr/share/code/resources/app/extensions/extension-editing/dist/extension
[2019-11-18 17:17:08.022] [exthost] [info] ExtensionService#_doActivateExtension vscode.npm {"startup":false,"extensionId":{"value":"vscode.npm","_lower":"vscode.npm"},"activationEvent":"onLanguage:json"}
[2019-11-18 17:17:08.022] [exthost] [info] ExtensionService#loadCommonJSModule file:///usr/share/code/resources/app/extensions/npm/dist/main
[2019-11-18 17:17:32.692] [exthost] [info] ExtensionService#_doActivateExtension ms-vscode.csharp {"startup":false,"extensionId":{"value":"ms-vscode.csharp","_lower":"ms-vscode.csharp"},"activationEvent":"workspaceContains:project.json"}
[2019-11-18 17:17:32.692] [exthost] [info] ExtensionService#loadCommonJSModule file:///home/jocimar/.vscode/extensions/ms-vscode.csharp-1.21.7/dist/extension
[2019-11-18 17:18:06.925] [exthost] [info] ExtensionService#_doActivateExtension eamodio.gitlens {"startup":false,"extensionId":{"value":"eamodio.gitlens","_lower":"eamodio.gitlens"},"activationEvent":"*"}
[2019-11-18 17:18:06.926] [exthost] [info] ExtensionService#loadCommonJSModule file:///home/jocimar/.vscode/extensions/eamodio.gitlens-10.2.0/dist/extension
[2019-11-18 17:18:07.132] [exthost] [info] ExtensionService#_doActivateExtension vscode.html-language-features {"startup":false,"extensionId":{"value":"vscode.html-language-features","_lower":"vscode.html-language-features"},"activationEvent":"onLanguage:html"}
[2019-11-18 17:18:07.132] [exthost] [info] ExtensionService#loadCommonJSModule file:///usr/share/code/resources/app/extensions/html-language-features/client/dist/htmlMain
[2019-11-18 17:20:25.431] [exthost] [info] ExtensionService#_doActivateExtension Unity.unity-debug {"startup":false,"extensionId":{"value":"Unity.unity-debug","_lower":"unity.unity-debug"},"activationEvent":"*"}
[2019-11-18 17:20:25.433] [exthost] [info] ExtensionService#loadCommonJSModule file:///home/jocimar/.vscode/extensions/unity.unity-debug-2.7.2/out/attach.js
[2019-11-18 17:23:13.851] [exthost] [info] ExtensionService#_doActivateExtension eppz.eppz-code {"startup":false,"extensionId":{"value":"eppz.eppz-code","_lower":"eppz.eppz-code"},"activationEvent":"*"}
[2019-11-18 17:23:13.851] [exthost] [info] ExtensionService#loadCommonJSModule file:///home/jocimar/.vscode/extensions/eppz.eppz-code-1.2.41/out/src/main
