[2019-11-21 14:02:57.045] [exthost] [info] extension host started
[2019-11-21 14:02:57.091] [exthost] [info] ExtensionService#_doActivateExtension vscode.configuration-editing {"startup":false,"extensionId":{"value":"vscode.configuration-editing","_lower":"vscode.configuration-editing"},"activationEvent":"onLanguage:jsonc"}
[2019-11-21 14:02:57.091] [exthost] [info] ExtensionService#loadCommonJSModule file:///usr/share/code/resources/app/extensions/configuration-editing/dist/extension
[2019-11-21 14:02:57.216] [exthost] [info] ExtensionService#_doActivateExtension vscode.json-language-features {"startup":false,"extensionId":{"value":"vscode.json-language-features","_lower":"vscode.json-language-features"},"activationEvent":"onLanguage:jsonc"}
[2019-11-21 14:02:57.216] [exthost] [info] ExtensionService#loadCommonJSModule file:///usr/share/code/resources/app/extensions/json-language-features/client/dist/jsonMain
[2019-11-21 14:02:57.367] [exthost] [info] ExtensionService#_doActivateExtension vscode.typescript-language-features {"startup":false,"extensionId":{"value":"vscode.typescript-language-features","_lower":"vscode.typescript-language-features"},"activationEvent":"onLanguage:jsonc"}
[2019-11-21 14:02:57.367] [exthost] [info] ExtensionService#loadCommonJSModule file:///usr/share/code/resources/app/extensions/typescript-language-features/dist/extension
[2019-11-21 14:02:57.460] [exthost] [info] ExtensionService#_doActivateExtension vscode.debug-auto-launch {"startup":true,"extensionId":{"value":"vscode.debug-auto-launch","_lower":"vscode.debug-auto-launch"},"activationEvent":"*"}
[2019-11-21 14:02:57.460] [exthost] [info] ExtensionService#loadCommonJSModule file:///usr/share/code/resources/app/extensions/debug-auto-launch/dist/extension
[2019-11-21 14:02:57.467] [exthost] [info] ExtensionService#_doActivateExtension vscode.emmet {"startup":true,"extensionId":{"value":"vscode.emmet","_lower":"vscode.emmet"},"activationEvent":"*"}
[2019-11-21 14:02:57.467] [exthost] [info] ExtensionService#loadCommonJSModule file:///usr/share/code/resources/app/extensions/emmet/dist/extension
[2019-11-21 14:02:57.545] [exthost] [info] ExtensionService#_doActivateExtension vscode.git {"startup":true,"extensionId":{"value":"vscode.git","_lower":"vscode.git"},"activationEvent":"*"}
[2019-11-21 14:02:57.545] [exthost] [info] ExtensionService#loadCommonJSModule file:///usr/share/code/resources/app/extensions/git/dist/main
[2019-11-21 14:02:57.701] [exthost] [info] ExtensionService#_doActivateExtension vscode.merge-conflict {"startup":true,"extensionId":{"value":"vscode.merge-conflict","_lower":"vscode.merge-conflict"},"activationEvent":"*"}
[2019-11-21 14:02:57.701] [exthost] [info] ExtensionService#loadCommonJSModule file:///usr/share/code/resources/app/extensions/merge-conflict/dist/extension
[2019-11-21 14:02:57.717] [exthost] [info] ExtensionService#_doActivateExtension eamodio.gitlens {"startup":true,"extensionId":{"value":"eamodio.gitlens","_lower":"eamodio.gitlens"},"activationEvent":"*"}
[2019-11-21 14:02:57.717] [exthost] [info] ExtensionService#loadCommonJSModule file:///home/jocimar/.vscode/extensions/eamodio.gitlens-10.2.0/dist/extension
[2019-11-21 14:02:57.839] [exthost] [info] ExtensionService#_doActivateExtension eppz.eppz-code {"startup":true,"extensionId":{"value":"eppz.eppz-code","_lower":"eppz.eppz-code"},"activationEvent":"*"}
[2019-11-21 14:02:57.839] [exthost] [info] ExtensionService#loadCommonJSModule file:///home/jocimar/.vscode/extensions/eppz.eppz-code-1.2.41/out/src/main
[2019-11-21 14:02:58.294] [exthost] [info] ExtensionService#_doActivateExtension PKief.material-icon-theme {"startup":true,"extensionId":{"value":"PKief.material-icon-theme","_lower":"pkief.material-icon-theme"},"activationEvent":"*"}
[2019-11-21 14:02:58.294] [exthost] [info] ExtensionService#loadCommonJSModule file:///home/jocimar/.vscode/extensions/pkief.material-icon-theme-3.9.1/dist/extension
[2019-11-21 14:02:58.323] [exthost] [info] ExtensionService#_doActivateExtension Shan.code-settings-sync {"startup":true,"extensionId":{"value":"Shan.code-settings-sync","_lower":"shan.code-settings-sync"},"activationEvent":"*"}
[2019-11-21 14:02:58.323] [exthost] [info] ExtensionService#loadCommonJSModule file:///home/jocimar/.vscode/extensions/shan.code-settings-sync-3.4.3/out/extension.js
[2019-11-21 14:02:58.434] [exthost] [info] ExtensionService#_doActivateExtension ms-vscode.csharp {"startup":true,"extensionId":{"value":"Unity.unity-debug","_lower":"unity.unity-debug"},"activationEvent":"*"}
[2019-11-21 14:02:58.434] [exthost] [info] ExtensionService#loadCommonJSModule file:///home/jocimar/.vscode/extensions/ms-vscode.csharp-1.21.7/dist/extension
[2019-11-21 14:02:58.653] [exthost] [info] eager extensions activated
[2019-11-21 14:02:58.800] [exthost] [info] ExtensionService#_doActivateExtension Unity.unity-debug {"startup":true,"extensionId":{"value":"Unity.unity-debug","_lower":"unity.unity-debug"},"activationEvent":"*"}
[2019-11-21 14:02:58.800] [exthost] [info] ExtensionService#loadCommonJSModule file:///home/jocimar/.vscode/extensions/unity.unity-debug-2.7.2/out/attach.js
[2019-11-21 14:32:21.289] [exthost] [info] ExtensionService#_doActivateExtension vscode.extension-editing {"startup":false,"extensionId":{"value":"vscode.extension-editing","_lower":"vscode.extension-editing"},"activationEvent":"onLanguage:json"}
[2019-11-21 14:32:21.290] [exthost] [info] ExtensionService#loadCommonJSModule file:///usr/share/code/resources/app/extensions/extension-editing/dist/extension
[2019-11-21 14:32:21.503] [exthost] [info] ExtensionService#_doActivateExtension vscode.npm {"startup":false,"extensionId":{"value":"vscode.npm","_lower":"vscode.npm"},"activationEvent":"onLanguage:json"}
[2019-11-21 14:32:21.503] [exthost] [info] ExtensionService#loadCommonJSModule file:///usr/share/code/resources/app/extensions/npm/dist/main
[2019-11-21 14:32:22.471] [exthost] [info] ExtensionService#_doActivateExtension dbaeumer.vscode-eslint {"startup":false,"extensionId":{"value":"dbaeumer.vscode-eslint","_lower":"dbaeumer.vscode-eslint"},"activationEvent":"*"}
[2019-11-21 14:32:22.471] [exthost] [info] ExtensionService#loadCommonJSModule file:///home/jocimar/.vscode/extensions/dbaeumer.vscode-eslint-1.9.1/client/out/extension
[2019-11-21 14:32:45.701] [exthost] [info] ExtensionService#_doActivateExtension HookyQR.beautify {"startup":false,"extensionId":{"value":"HookyQR.beautify","_lower":"hookyqr.beautify"},"activationEvent":"*"}
[2019-11-21 14:32:45.701] [exthost] [info] ExtensionService#loadCommonJSModule file:///home/jocimar/.vscode/extensions/hookyqr.beautify-1.5.0/extension
[2019-11-21 14:32:48.974] [exthost] [info] ExtensionService#_doActivateExtension dbaeumer.jshint {"startup":false,"extensionId":{"value":"dbaeumer.jshint","_lower":"dbaeumer.jshint"},"activationEvent":"onLanguage:javascript"}
[2019-11-21 14:32:48.974] [exthost] [info] ExtensionService#loadCommonJSModule file:///home/jocimar/.vscode/extensions/dbaeumer.jshint-0.10.21/jshint/out/extension
